Arguments: 
  /usr/bin/node /usr/bin/yarn add node-raspicam

PATH: 
  /usr/local/texlive/2020/bin/x86_64-linux:/usr/local/cuda/bin:/home/florian/bin:/usr/local/bin:/home/florian/.node_modules/bin:/home/florian/.local/bin:/home/florian/.gem/ruby/2.7.0/bin:/usr/local/texlive/2020/bin/x86_64-linux:/usr/local/cuda/bin:/home/florian/bin:/usr/local/bin:/home/florian/.node_modules/bin:/home/florian/.local/bin:/home/florian/.gem/ruby/2.7.0/bin:/usr/local/texlive/2020/bin/x86_64-linux:/usr/local/cuda/bin:/home/florian/bin:/usr/local/bin:/home/florian/.node_modules/bin:/home/florian/.local/bin:/home/florian/.gem/ruby/2.7.0/bin:/usr/local/sbin:/usr/local/bin:/usr/bin:/opt/cuda/bin:/usr/lib/jvm/default/bin:/usr/bin/site_perl:/usr/bin/vendor_perl:/usr/bin/core_perl:/var/lib/snapd/snap/bin:/opt/cuda/bin:/usr/lib/jvm/default/bin

Yarn version: 
  1.22.10

Node version: 
  14.14.0

Platform: 
  linux x64

Trace: 
  Error: https://registry.yarnpkg.com/node-raspicam: Not found
      at Request.params.callback [as _callback] (/usr/lib/node_modules/yarn/lib/cli.js:66988:18)
      at Request.self.callback (/usr/lib/node_modules/yarn/lib/cli.js:140749:22)
      at Request.emit (events.js:315:20)
      at Request.<anonymous> (/usr/lib/node_modules/yarn/lib/cli.js:141721:10)
      at Request.emit (events.js:315:20)
      at IncomingMessage.<anonymous> (/usr/lib/node_modules/yarn/lib/cli.js:141643:12)
      at Object.onceWrapper (events.js:421:28)
      at IncomingMessage.emit (events.js:327:22)
      at endReadableNT (_stream_readable.js:1327:12)
      at processTicksAndRejections (internal/process/task_queues.js:80:21)

npm manifest: 
  No manifest

yarn manifest: 
  No manifest

Lockfile: 
  No lockfile
